[35m[Appium][39m Welcome to Appium v1.21.0
[35m[Appium][39m Non-default server args:
[35m[Appium][39m   port: 54631
[35m[Appium][39m   loglevel: info
[35m[Appium][39m   tmpDir: /var/folders/pj/tdgwyxh90y759nk534c9prjc0000gn/T//Katalon/Appium/Temp1679391214145
[35m[Appium][39m   chromedriverPort: 54632
[35m[Appium][39m Deprecated server args:
[35m[Appium][39m   [31m--chromedriver-port[39m => --default-capabilities
[35m[Appium][39m Default capabilities, which will be added to each request unless overridden by desired capabilities:
[35m[Appium][39m   chromedriverPort: 54632
[35m[Appium][39m Appium REST http interface listener started on 0.0.0.0:54631
[35m[HTTP][39m [37m-->[39m [37mGET[39m [37m/wd/hub/status[39m
[35m[HTTP][39m [90m{}[39m
[35m[HTTP][39m [37m<-- GET /wd/hub/status [39m[32m200[39m [90m15 ms - 68[39m
[35m[HTTP][39m [90m[39m
[35m[HTTP][39m [37m-->[39m [37mGET[39m [37m/wd/hub/status[39m
[35m[HTTP][39m [90m{}[39m
[35m[HTTP][39m [37m<-- GET /wd/hub/status [39m[32m200[39m [90m5 ms - 68[39m
[35m[HTTP][39m [90m[39m
[35m[HTTP][39m [37m-->[39m [37mPOST[39m [37m/wd/hub/session[39m
[35m[HTTP][39m [90m{"desiredCapabilities":{"appPackage":"com.maybank2u.life","noReset":true,"appWaitActivity":"*","deviceId":"R5CR704KXSR","deviceName":"samsung SM-G998B (Android 11)","platform":"ANDROID","appActivity":"com.maybank2u.life.MainActivity","newCommandTimeout":1800,"platformVersion":"11","automationName":"uiautomator2","autoGrantPermissions":true,"platformName":"Android","udid":"R5CR704KXSR","systemPort":8255},"capabilities":{"firstMatch":[{"appium:appActivity":"com.maybank2u.life.MainActivity","appium:appPackage":"com.maybank2u.life","appium:appWaitActivity":"*","appium:autoGrantPermissions":true,"appium:automationName":"uiautomator2","deviceId":"R5CR704KXSR","appium:deviceName":"samsung SM-G998B (Android 11)","appium:newCommandTimeout":1800,"appium:noReset":true,"platform":"ANDROID","platformName":"android","appium:platformVersion":"11","appium:systemPort":8255,"appium:udid":"R5CR704KXSR"}]}}[39m
[35m[BaseDriver][39m The following capabilities are not standard capabilities and should have an extension prefix:
[35m[BaseDriver][39m   deviceId
[35m[BaseDriver][39m   platform
[35m[BaseDriver][39m   chromedriverPort
[35m[Appium][39m Appium v1.21.0 creating new AndroidUiautomator2Driver (v1.65.0) session
[35m[BaseDriver][39m The following capabilities were provided, but are not recognized by Appium:
[35m[BaseDriver][39m   deviceId
[35m[BaseDriver][39m   platform
[35m[BaseDriver][39m Session created with session id: fe140425-197c-4b89-b0de-65941ff0fc17
[35m[UiAutomator2][39m Starting 'com.maybank2u.life' directly on the device
[35m[ADB][39m Found 1 'build-tools' folders under '/Users/mosaj/.katalon/tools/android_sdk' (newest first):
[35m[ADB][39m     /Users/mosaj/.katalon/tools/android_sdk/build-tools/29.0.3
[35m[ADB][39m Using 'adb' from '/Users/mosaj/.katalon/tools/android_sdk/platform-tools/adb'
[35m[AndroidDriver][39m Retrieving device list
[35m[AndroidDriver][39m Using device: R5CR704KXSR
[35m[ADB][39m Using 'adb' from '/Users/mosaj/.katalon/tools/android_sdk/platform-tools/adb'
[35m[ADB][39m Getting device platform version
[35m[UiAutomator2][39m Relaxing hidden api policy
[35m[AndroidDriver][39m No app sent in, not parsing package/activity
[35m[ADB][39m Using 'apksigner.jar' from '/Users/mosaj/.katalon/tools/android_sdk/build-tools/29.0.3/lib/apksigner.jar'
[35m[ADB][39m '/usr/local/lib/node_modules/appium/node_modules/appium-uiautomator2-server/apks/appium-uiautomator2-server-v4.21.1.apk' is signed with the default certificate
[35m[ADB][39m '/usr/local/lib/node_modules/appium/node_modules/appium-uiautomator2-server/apks/appium-uiautomator2-server-debug-androidTest.apk' is signed with the default certificate
[35m[UiAutomator2][39m Server packages are not going to be (re)installed
[35m[ADB][39m Adding packages ["io.appium.settings","io.appium.uiautomator2.server","io.appium.uiautomator2.server.test"] to Doze whitelist
[35m[UiAutomator2][39m Starting UIAutomator2 server 4.21.1
[35m[UiAutomator2][39m Using UIAutomator2 server from '/usr/local/lib/node_modules/appium/node_modules/appium-uiautomator2-server/apks/appium-uiautomator2-server-v4.21.1.apk' and test from '/usr/local/lib/node_modules/appium/node_modules/appium-uiautomator2-server/apks/appium-uiautomator2-server-debug-androidTest.apk'
[35m[UiAutomator2][39m Waiting up to 30000ms for UiAutomator2 to be online...
[35m[WD Proxy][39m socket hang up
[35m[WD Proxy][39m socket hang up
[35m[WD Proxy][39m Determined the downstream protocol as 'W3C'
[35m[AndroidDriver][39m Screen already unlocked, doing nothing
[35m[UiAutomator2][39m Starting 'com.maybank2u.life/com.maybank2u.life.MainActivity and waiting for 'com.maybank2u.life/*'
[35m[Appium][39m New AndroidUiautomator2Driver session created successfully, session fe140425-197c-4b89-b0de-65941ff0fc17 added to master session list
[35m[HTTP][39m [37m<-- POST /wd/hub/session [39m[32m200[39m [90m10095 ms - 1323[39m
[35m[HTTP][39m [90m[39m
[35m[HTTP][39m [37m-->[39m [37mGET[39m [37m/wd/hub/session/fe140425-197c-4b89-b0de-65941ff0fc17[39m
[35m[HTTP][39m [90m{}[39m
[35m[HTTP][39m [37m<-- GET /wd/hub/session/fe140425-197c-4b89-b0de-65941ff0fc17 [39m[32m200[39m [90m34 ms - 1277[39m
[35m[HTTP][39m [90m[39m
[35m[HTTP][39m [37m-->[39m [37mGET[39m [37m/wd/hub/session/fe140425-197c-4b89-b0de-65941ff0fc17[39m
[35m[HTTP][39m [90m{}[39m
[35m[HTTP][39m [37m<-- GET /wd/hub/session/fe140425-197c-4b89-b0de-65941ff0fc17 [39m[32m200[39m [90m30 ms - 1277[39m
[35m[HTTP][39m [90m[39m
[35m[HTTP][39m [37m-->[39m [37mGET[39m [37m/wd/hub/status[39m
[35m[HTTP][39m [90m{}[39m
[35m[HTTP][39m [37m<-- GET /wd/hub/status [39m[32m200[39m [90m113 ms - 68[39m
[35m[HTTP][39m [90m[39m
[35m[HTTP][39m [37m-->[39m [37mPOST[39m [37m/wd/hub/session/fe140425-197c-4b89-b0de-65941ff0fc17/timeouts[39m
[35m[HTTP][39m [90m{"implicit":60000}[39m
[35m[HTTP][39m [37m<-- POST /wd/hub/session/fe140425-197c-4b89-b0de-65941ff0fc17/timeouts [39m[32m200[39m [90m38 ms - 14[39m
[35m[HTTP][39m [90m[39m
[35m[HTTP][39m [37m-->[39m [37mGET[39m [37m/wd/hub/session/fe140425-197c-4b89-b0de-65941ff0fc17/screenshot[39m
[35m[HTTP][39m [90m{}[39m
[35m[HTTP][39m [37m<-- GET /wd/hub/session/fe140425-197c-4b89-b0de-65941ff0fc17/screenshot [39m[32m200[39m [90m277 ms - 45438[39m
[35m[HTTP][39m [90m[39m
[35m[HTTP][39m [37m-->[39m [37mGET[39m [37m/wd/hub/session/fe140425-197c-4b89-b0de-65941ff0fc17/window/rect[39m
[35m[HTTP][39m [90m{}[39m
[35m[HTTP][39m [37m<-- GET /wd/hub/session/fe140425-197c-4b89-b0de-65941ff0fc17/window/rect [39m[32m200[39m [90m31 ms - 50[39m
[35m[HTTP][39m [90m[39m
[35m[HTTP][39m [37m-->[39m [37mGET[39m [37m/wd/hub/session/fe140425-197c-4b89-b0de-65941ff0fc17/appium/device/system_bars[39m
[35m[HTTP][39m [90m{}[39m
[35m[HTTP][39m [37m<-- GET /wd/hub/session/fe140425-197c-4b89-b0de-65941ff0fc17/appium/device/system_bars [39m[32m200[39m [90m93 ms - 148[39m
[35m[HTTP][39m [90m[39m
[35m[HTTP][39m [37m-->[39m [37mPOST[39m [37m/wd/hub/session/fe140425-197c-4b89-b0de-65941ff0fc17/appium/device/activate_app[39m
[35m[HTTP][39m [90m{"bundleId":"com.maybank2u.life"}[39m
[35m[HTTP][39m [37m<-- POST /wd/hub/session/fe140425-197c-4b89-b0de-65941ff0fc17/appium/device/activate_app [39m[32m200[39m [90m297 ms - 14[39m
[35m[HTTP][39m [90m[39m
[35m[HTTP][39m [37m-->[39m [37mGET[39m [37m/wd/hub/session/fe140425-197c-4b89-b0de-65941ff0fc17/source[39m
[35m[HTTP][39m [90m{}[39m
[35m[W3C (fe140425)][39m Driver proxy active, passing request on via HTTP proxy
[35m[WD Proxy][39m Replacing sessionId 9a74280b-a097-4b5e-af55-0df951f8cf05 with fe140425-197c-4b89-b0de-65941ff0fc17
[35m[HTTP][39m [37m<-- GET /wd/hub/session/fe140425-197c-4b89-b0de-65941ff0fc17/source [39m[32m200[39m [90m951 ms - 64075[39m
[35m[HTTP][39m [90m[39m
[35m[HTTP][39m [37m-->[39m [37mGET[39m [37m/wd/hub/session/fe140425-197c-4b89-b0de-65941ff0fc17/screenshot[39m
[35m[HTTP][39m [90m{}[39m
[35m[HTTP][39m [37m<-- GET /wd/hub/session/fe140425-197c-4b89-b0de-65941ff0fc17/screenshot [39m[32m200[39m [90m769 ms - 1186310[39m
[35m[HTTP][39m [90m[39m
[35m[HTTP][39m [37m-->[39m [37mGET[39m [37m/wd/hub/session/fe140425-197c-4b89-b0de-65941ff0fc17/source[39m
[35m[HTTP][39m [90m{}[39m
[35m[W3C (fe140425)][39m Driver proxy active, passing request on via HTTP proxy
[35m[WD Proxy][39m Replacing sessionId 9a74280b-a097-4b5e-af55-0df951f8cf05 with fe140425-197c-4b89-b0de-65941ff0fc17
[35m[HTTP][39m [37m<-- GET /wd/hub/session/fe140425-197c-4b89-b0de-65941ff0fc17/source [39m[32m200[39m [90m166 ms - 20778[39m
[35m[HTTP][39m [90m[39m
[35m[HTTP][39m [37m-->[39m [37mGET[39m [37m/wd/hub/session/fe140425-197c-4b89-b0de-65941ff0fc17/screenshot[39m
[35m[HTTP][39m [90m{}[39m
[35m[HTTP][39m [37m<-- GET /wd/hub/session/fe140425-197c-4b89-b0de-65941ff0fc17/screenshot [39m[32m200[39m [90m403 ms - 208364[39m
[35m[HTTP][39m [90m[39m
[35m[HTTP][39m [37m-->[39m [37mPOST[39m [37m/wd/hub/session/fe140425-197c-4b89-b0de-65941ff0fc17/elements[39m
[35m[HTTP][39m [90m{"using":"xpath","value":"//*[@class = 'android.view.ViewGroup' and (@text = '' or . = '')]"}[39m
[35m[HTTP][39m [37m<-- POST /wd/hub/session/fe140425-197c-4b89-b0de-65941ff0fc17/elements [39m[32m200[39m [90m309 ms - 3723[39m
[35m[HTTP][39m [90m[39m
[35m[HTTP][39m [37m-->[39m [37mPOST[39m [37m/wd/hub/session/fe140425-197c-4b89-b0de-65941ff0fc17/elements[39m
[35m[HTTP][39m [90m{"using":"-android uiautomator","value":"new UiSelector().className(\"android.view.ViewGroup\")"}[39m
[35m[HTTP][39m [37m<-- POST /wd/hub/session/fe140425-197c-4b89-b0de-65941ff0fc17/elements [39m[32m200[39m [90m662 ms - 3723[39m
[35m[HTTP][39m [90m[39m
[35m[HTTP][39m [37m-->[39m [37mPOST[39m [37m/wd/hub/session/fe140425-197c-4b89-b0de-65941ff0fc17/elements[39m
[35m[HTTP][39m [90m{"using":"xpath","value":"//*[@class = 'android.widget.ImageView' and (@text = '' or . = '')]"}[39m
[35m[HTTP][39m [37m<-- POST /wd/hub/session/fe140425-197c-4b89-b0de-65941ff0fc17/elements [39m[32m200[39m [90m123 ms - 395[39m
[35m[HTTP][39m [90m[39m
[35m[HTTP][39m [37m-->[39m [37mPOST[39m [37m/wd/hub/session/fe140425-197c-4b89-b0de-65941ff0fc17/elements[39m
[35m[HTTP][39m [90m{"using":"-android uiautomator","value":"new UiSelector().className(\"android.widget.ImageView\")"}[39m
[35m[HTTP][39m [37m<-- POST /wd/hub/session/fe140425-197c-4b89-b0de-65941ff0fc17/elements [39m[32m200[39m [90m107 ms - 395[39m
[35m[HTTP][39m [90m[39m
[35m[HTTP][39m [37m-->[39m [37mPOST[39m [37m/wd/hub/session/fe140425-197c-4b89-b0de-65941ff0fc17/elements[39m
[35m[HTTP][39m [90m{"using":"xpath","value":"//*[@class = 'android.view.ViewGroup' and (@text = '' or . = '')]"}[39m
[35m[HTTP][39m [37m<-- POST /wd/hub/session/fe140425-197c-4b89-b0de-65941ff0fc17/elements [39m[32m200[39m [90m165 ms - 3723[39m
[35m[HTTP][39m [90m[39m
[35m[HTTP][39m [37m-->[39m [37mPOST[39m [37m/wd/hub/session/fe140425-197c-4b89-b0de-65941ff0fc17/elements[39m
[35m[HTTP][39m [90m{"using":"-android uiautomator","value":"new UiSelector().className(\"android.view.ViewGroup\")"}[39m
[35m[HTTP][39m [37m<-- POST /wd/hub/session/fe140425-197c-4b89-b0de-65941ff0fc17/elements [39m[32m200[39m [90m462 ms - 3723[39m
[35m[HTTP][39m [90m[39m
[35m[HTTP][39m [37m-->[39m [37mGET[39m [37m/wd/hub/session/fe140425-197c-4b89-b0de-65941ff0fc17/source[39m
[35m[HTTP][39m [90m{}[39m
[35m[W3C (fe140425)][39m Driver proxy active, passing request on via HTTP proxy
[35m[WD Proxy][39m Replacing sessionId 9a74280b-a097-4b5e-af55-0df951f8cf05 with fe140425-197c-4b89-b0de-65941ff0fc17
[35m[HTTP][39m [37m<-- GET /wd/hub/session/fe140425-197c-4b89-b0de-65941ff0fc17/source [39m[32m200[39m [90m359 ms - 18841[39m
[35m[HTTP][39m [90m[39m
[35m[HTTP][39m [37m-->[39m [37mGET[39m [37m/wd/hub/session/fe140425-197c-4b89-b0de-65941ff0fc17/screenshot[39m
[35m[HTTP][39m [90m{}[39m
[35m[HTTP][39m [37m<-- GET /wd/hub/session/fe140425-197c-4b89-b0de-65941ff0fc17/screenshot [39m[32m200[39m [90m302 ms - 185952[39m
[35m[HTTP][39m [90m[39m
[35m[HTTP][39m [37m-->[39m [37mDELETE[39m [37m/wd/hub/session/fe140425-197c-4b89-b0de-65941ff0fc17[39m
[35m[HTTP][39m [90m{}[39m
[35m[Appium][39m Removing session fe140425-197c-4b89-b0de-65941ff0fc17 from our master session list
[35m[UiAutomator2][39m Restoring hidden api policy to the device default configuration
[35m[HTTP][39m [37m<-- DELETE /wd/hub/session/fe140425-197c-4b89-b0de-65941ff0fc17 [39m[32m200[39m [90m325 ms - 14[39m
[35m[HTTP][39m [90m[39m
